{"/home/sahic/final/blinkist/src/App.tsx": {"path":"/home/sahic/final/blinkist/src/App.tsx","statementMap":{"0":{"start":{"line":10,"column":2},"end":{"line":19,"column":4}}},"fnMap":{"0":{"name":"App","decl":{"start":{"line":9,"column":9},"end":{"line":9,"column":12}},"loc":{"start":{"line":9,"column":15},"end":{"line":20,"column":1}},"line":9}},"branchMap":{},"s":{"0":0},"f":{"0":0},"b":{}}
,"/home/sahic/final/blinkist/src/index.tsx": {"path":"/home/sahic/final/blinkist/src/index.tsx","statementMap":{"0":{"start":{"line":8,"column":15},"end":{"line":8,"column":42}},"1":{"start":{"line":9,"column":17},"end":{"line":9,"column":51}},"2":{"start":{"line":11,"column":13},"end":{"line":13,"column":1}},"3":{"start":{"line":14,"column":0},"end":{"line":22,"column":2}},"4":{"start":{"line":27,"column":0},"end":{"line":27,"column":18}}},"fnMap":{},"branchMap":{},"s":{"0":0,"1":0,"2":0,"3":0,"4":0},"f":{},"b":{}}
,"/home/sahic/final/blinkist/src/Pages/BookDetails/index.tsx": {"path":"/home/sahic/final/blinkist/src/Pages/BookDetails/index.tsx","statementMap":{"0":{"start":{"line":6,"column":23},"end":{"line":14,"column":1}},"1":{"start":{"line":7,"column":2},"end":{"line":13,"column":4}}},"fnMap":{"0":{"name":"(anonymous_0)","decl":{"start":{"line":6,"column":23},"end":{"line":6,"column":24}},"loc":{"start":{"line":6,"column":29},"end":{"line":14,"column":1}},"line":6}},"branchMap":{},"s":{"0":0,"1":0},"f":{"0":0},"b":{}}
,"/home/sahic/final/blinkist/src/Pages/Entrepreneur/index.tsx": {"path":"/home/sahic/final/blinkist/src/Pages/Entrepreneur/index.tsx","statementMap":{"0":{"start":{"line":10,"column":25},"end":{"line":40,"column":1}},"1":{"start":{"line":11,"column":2},"end":{"line":39,"column":4}}},"fnMap":{"0":{"name":"(anonymous_0)","decl":{"start":{"line":10,"column":25},"end":{"line":10,"column":26}},"loc":{"start":{"line":10,"column":31},"end":{"line":40,"column":1}},"line":10}},"branchMap":{},"s":{"0":0,"1":0},"f":{"0":0},"b":{}}
,"/home/sahic/final/blinkist/src/Pages/MyLibrary/index.tsx": {"path":"/home/sahic/final/blinkist/src/Pages/MyLibrary/index.tsx","statementMap":{"0":{"start":{"line":8,"column":20},"end":{"line":21,"column":1}},"1":{"start":{"line":9,"column":2},"end":{"line":20,"column":4}}},"fnMap":{"0":{"name":"(anonymous_0)","decl":{"start":{"line":8,"column":20},"end":{"line":8,"column":21}},"loc":{"start":{"line":8,"column":26},"end":{"line":21,"column":1}},"line":8}},"branchMap":{},"s":{"0":0,"1":0},"f":{"0":0},"b":{}}
,"/home/sahic/final/blinkist/src/api/api.tsx": {"path":"/home/sahic/final/blinkist/src/api/api.tsx","statementMap":{},"fnMap":{},"branchMap":{},"s":{},"f":{},"b":{},"_coverageSchema":"1a1c01bbd47fc00a2c39e90264f33305004495a9","hash":"e5ff2bd4f97d515baa25cadf1a3d793a87449d6d"}
,"/home/sahic/final/blinkist/src/components/LoginButton.tsx": {"path":"/home/sahic/final/blinkist/src/components/LoginButton.tsx","statementMap":{"0":{"start":{"line":6,"column":32},"end":{"line":6,"column":42}},"1":{"start":{"line":8,"column":23},"end":{"line":13,"column":3}},"2":{"start":{"line":9,"column":4},"end":{"line":9,"column":23}},"3":{"start":{"line":10,"column":4},"end":{"line":12,"column":5}},"4":{"start":{"line":11,"column":6},"end":{"line":11,"column":33}},"5":{"start":{"line":15,"column":2},"end":{"line":19,"column":4}}},"fnMap":{"0":{"name":"Login","decl":{"start":{"line":5,"column":24},"end":{"line":5,"column":29}},"loc":{"start":{"line":5,"column":32},"end":{"line":20,"column":1}},"line":5},"1":{"name":"(anonymous_1)","decl":{"start":{"line":8,"column":23},"end":{"line":8,"column":24}},"loc":{"start":{"line":8,"column":48},"end":{"line":13,"column":3}},"line":8}},"branchMap":{"0":{"loc":{"start":{"line":10,"column":4},"end":{"line":12,"column":5}},"type":"if","locations":[{"start":{"line":10,"column":4},"end":{"line":12,"column":5}},{"start":{},"end":{}}],"line":10}},"s":{"0":0,"1":0,"2":0,"3":0,"4":0,"5":0},"f":{"0":0,"1":0},"b":{"0":[0,0]}}
,"/home/sahic/final/blinkist/src/components/LogoutButton.tsx": {"path":"/home/sahic/final/blinkist/src/components/LogoutButton.tsx","statementMap":{"0":{"start":{"line":4,"column":21},"end":{"line":12,"column":1}},"1":{"start":{"line":5,"column":21},"end":{"line":5,"column":31}},"2":{"start":{"line":7,"column":2},"end":{"line":11,"column":4}},"3":{"start":{"line":8,"column":27},"end":{"line":8,"column":71}}},"fnMap":{"0":{"name":"(anonymous_0)","decl":{"start":{"line":4,"column":21},"end":{"line":4,"column":22}},"loc":{"start":{"line":4,"column":27},"end":{"line":12,"column":1}},"line":4},"1":{"name":"(anonymous_1)","decl":{"start":{"line":8,"column":21},"end":{"line":8,"column":22}},"loc":{"start":{"line":8,"column":27},"end":{"line":8,"column":71}},"line":8}},"branchMap":{},"s":{"0":0,"1":0,"2":0,"3":0},"f":{"0":0,"1":0},"b":{}}
,"/home/sahic/final/blinkist/src/components/atoms/IconButtons/IconButton.stories.tsx": {"path":"/home/sahic/final/blinkist/src/components/atoms/IconButtons/IconButton.stories.tsx","statementMap":{"0":{"start":{"line":13,"column":54},"end":{"line":15,"column":3}},"1":{"start":{"line":14,"column":4},"end":{"line":14,"column":28}},"2":{"start":{"line":17,"column":33},"end":{"line":17,"column":50}},"3":{"start":{"line":18,"column":0},"end":{"line":20,"column":2}},"4":{"start":{"line":22,"column":33},"end":{"line":22,"column":50}},"5":{"start":{"line":23,"column":0},"end":{"line":25,"column":2}}},"fnMap":{"0":{"name":"(anonymous_0)","decl":{"start":{"line":13,"column":54},"end":{"line":13,"column":55}},"loc":{"start":{"line":14,"column":4},"end":{"line":14,"column":28}},"line":14}},"branchMap":{},"s":{"0":0,"1":0,"2":0,"3":0,"4":0,"5":0},"f":{"0":0},"b":{}}
,"/home/sahic/final/blinkist/src/components/atoms/IconButtons/IconButton.tsx": {"path":"/home/sahic/final/blinkist/src/components/atoms/IconButtons/IconButton.tsx","statementMap":{"0":{"start":{"line":12,"column":16},"end":{"line":16,"column":1}},"1":{"start":{"line":13,"column":4},"end":{"line":15,"column":5}}},"fnMap":{"0":{"name":"(anonymous_0)","decl":{"start":{"line":12,"column":16},"end":{"line":12,"column":17}},"loc":{"start":{"line":12,"column":33},"end":{"line":16,"column":1}},"line":12}},"branchMap":{},"s":{"0":6,"1":19},"f":{"0":19},"b":{},"_coverageSchema":"1a1c01bbd47fc00a2c39e90264f33305004495a9","hash":"ab37f7c0c3494e174f270348e5509a1c050bfc3c"}
,"/home/sahic/final/blinkist/src/components/atoms/Icons/Icons.stories.tsx": {"path":"/home/sahic/final/blinkist/src/components/atoms/Icons/Icons.stories.tsx","statementMap":{"0":{"start":{"line":10,"column":46},"end":{"line":10,"column":72}},"1":{"start":{"line":10,"column":54},"end":{"line":10,"column":72}},"2":{"start":{"line":12,"column":28},"end":{"line":13,"column":2}}},"fnMap":{"0":{"name":"(anonymous_0)","decl":{"start":{"line":10,"column":46},"end":{"line":10,"column":47}},"loc":{"start":{"line":10,"column":54},"end":{"line":10,"column":72}},"line":10}},"branchMap":{},"s":{"0":0,"1":0,"2":0},"f":{"0":0},"b":{}}
,"/home/sahic/final/blinkist/src/components/atoms/Icons/Icons.tsx": {"path":"/home/sahic/final/blinkist/src/components/atoms/Icons/Icons.tsx","statementMap":{"0":{"start":{"line":11,"column":14},"end":{"line":15,"column":1}},"1":{"start":{"line":12,"column":2},"end":{"line":14,"column":3}}},"fnMap":{"0":{"name":"(anonymous_0)","decl":{"start":{"line":11,"column":14},"end":{"line":11,"column":15}},"loc":{"start":{"line":11,"column":32},"end":{"line":15,"column":1}},"line":11}},"branchMap":{},"s":{"0":1,"1":1},"f":{"0":1},"b":{},"_coverageSchema":"1a1c01bbd47fc00a2c39e90264f33305004495a9","hash":"fc545dcc2a41a0c1fbd72bb1b98b61626fcc0591"}
,"/home/sahic/final/blinkist/src/components/atoms/typography/Typography.stories.tsx": {"path":"/home/sahic/final/blinkist/src/components/atoms/typography/Typography.stories.tsx","statementMap":{"0":{"start":{"line":9,"column":52},"end":{"line":11,"column":1}},"1":{"start":{"line":10,"column":2},"end":{"line":10,"column":26}},"2":{"start":{"line":13,"column":24},"end":{"line":13,"column":41}},"3":{"start":{"line":14,"column":0},"end":{"line":18,"column":2}}},"fnMap":{"0":{"name":"(anonymous_0)","decl":{"start":{"line":9,"column":52},"end":{"line":9,"column":53}},"loc":{"start":{"line":10,"column":2},"end":{"line":10,"column":26}},"line":10}},"branchMap":{},"s":{"0":0,"1":0,"2":0,"3":0},"f":{"0":0},"b":{}}
,"/home/sahic/final/blinkist/src/components/atoms/typography/Typography.tsx": {"path":"/home/sahic/final/blinkist/src/components/atoms/typography/Typography.tsx","statementMap":{},"fnMap":{},"branchMap":{},"s":{},"f":{},"b":{},"_coverageSchema":"1a1c01bbd47fc00a2c39e90264f33305004495a9","hash":"84476453be8e6f198b29180bd90d0a22502bc813"}
,"/home/sahic/final/blinkist/src/components/molecules/Banner/Banner.stories.tsx": {"path":"/home/sahic/final/blinkist/src/components/molecules/Banner/Banner.stories.tsx","statementMap":{"0":{"start":{"line":10,"column":48},"end":{"line":10,"column":64}},"1":{"start":{"line":10,"column":54},"end":{"line":10,"column":64}},"2":{"start":{"line":12,"column":26},"end":{"line":12,"column":43}},"3":{"start":{"line":13,"column":0},"end":{"line":13,"column":21}}},"fnMap":{"0":{"name":"(anonymous_0)","decl":{"start":{"line":10,"column":48},"end":{"line":10,"column":49}},"loc":{"start":{"line":10,"column":54},"end":{"line":10,"column":64}},"line":10}},"branchMap":{},"s":{"0":0,"1":0,"2":0,"3":0},"f":{"0":0},"b":{}}
,"/home/sahic/final/blinkist/src/components/molecules/Banner/Banner.tsx": {"path":"/home/sahic/final/blinkist/src/components/molecules/Banner/Banner.tsx","statementMap":{"0":{"start":{"line":18,"column":24},"end":{"line":26,"column":2}},"1":{"start":{"line":28,"column":28},"end":{"line":36,"column":2}},"2":{"start":{"line":38,"column":31},"end":{"line":41,"column":2}},"3":{"start":{"line":43,"column":34},"end":{"line":46,"column":2}},"4":{"start":{"line":48,"column":23},"end":{"line":48,"column":40}},"5":{"start":{"line":50,"column":15},"end":{"line":72,"column":1}},"6":{"start":{"line":51,"column":2},"end":{"line":71,"column":4}}},"fnMap":{"0":{"name":"(anonymous_0)","decl":{"start":{"line":50,"column":15},"end":{"line":50,"column":16}},"loc":{"start":{"line":50,"column":33},"end":{"line":72,"column":1}},"line":50}},"branchMap":{},"s":{"0":1,"1":1,"2":1,"3":1,"4":1,"5":1,"6":1},"f":{"0":1},"b":{},"_coverageSchema":"1a1c01bbd47fc00a2c39e90264f33305004495a9","hash":"a291606053f1fbaba1db044bbfb9a39226b09796"}
,"/home/sahic/final/blinkist/src/components/molecules/Buttons/Button.stories.tsx": {"path":"/home/sahic/final/blinkist/src/components/molecules/Buttons/Button.stories.tsx","statementMap":{"0":{"start":{"line":5,"column":14},"end":{"line":18,"column":2}},"1":{"start":{"line":30,"column":48},"end":{"line":34,"column":1}},"2":{"start":{"line":31,"column":2},"end":{"line":33,"column":18}},"3":{"start":{"line":37,"column":23},"end":{"line":37,"column":40}},"4":{"start":{"line":39,"column":0},"end":{"line":43,"column":2}}},"fnMap":{"0":{"name":"(anonymous_0)","decl":{"start":{"line":30,"column":48},"end":{"line":30,"column":49}},"loc":{"start":{"line":31,"column":2},"end":{"line":33,"column":18}},"line":31}},"branchMap":{},"s":{"0":0,"1":0,"2":0,"3":0,"4":0},"f":{"0":0},"b":{}}
,"/home/sahic/final/blinkist/src/components/molecules/Buttons/Button.tsx": {"path":"/home/sahic/final/blinkist/src/components/molecules/Buttons/Button.tsx","statementMap":{"0":{"start":{"line":5,"column":18},"end":{"line":16,"column":2}},"1":{"start":{"line":39,"column":13},"end":{"line":55,"column":1}},"2":{"start":{"line":40,"column":18},"end":{"line":40,"column":29}},"3":{"start":{"line":41,"column":2},"end":{"line":54,"column":4}}},"fnMap":{"0":{"name":"(anonymous_0)","decl":{"start":{"line":39,"column":13},"end":{"line":39,"column":14}},"loc":{"start":{"line":39,"column":31},"end":{"line":55,"column":1}},"line":39}},"branchMap":{},"s":{"0":3,"1":3,"2":14,"3":12},"f":{"0":14},"b":{},"_coverageSchema":"1a1c01bbd47fc00a2c39e90264f33305004495a9","hash":"68c2ead7e18a9a549817eccdd73c1c7982bb5661"}
,"/home/sahic/final/blinkist/src/components/molecules/DropDown/DropDown.stories.tsx": {"path":"/home/sahic/final/blinkist/src/components/molecules/DropDown/DropDown.stories.tsx","statementMap":{"0":{"start":{"line":12,"column":50},"end":{"line":14,"column":1}},"1":{"start":{"line":13,"column":2},"end":{"line":13,"column":24}},"2":{"start":{"line":16,"column":31},"end":{"line":16,"column":48}},"3":{"start":{"line":17,"column":0},"end":{"line":19,"column":2}},"4":{"start":{"line":21,"column":31},"end":{"line":21,"column":48}},"5":{"start":{"line":22,"column":0},"end":{"line":24,"column":2}}},"fnMap":{"0":{"name":"(anonymous_0)","decl":{"start":{"line":12,"column":50},"end":{"line":12,"column":51}},"loc":{"start":{"line":13,"column":2},"end":{"line":13,"column":24}},"line":13}},"branchMap":{},"s":{"0":0,"1":0,"2":0,"3":0,"4":0,"5":0},"f":{"0":0},"b":{}}
,"/home/sahic/final/blinkist/src/components/molecules/DropDown/DropDown.tsx": {"path":"/home/sahic/final/blinkist/src/components/molecules/DropDown/DropDown.tsx","statementMap":{"0":{"start":{"line":15,"column":18},"end":{"line":31,"column":2}},"1":{"start":{"line":33,"column":17},"end":{"line":53,"column":1}},"2":{"start":{"line":34,"column":16},"end":{"line":34,"column":27}},"3":{"start":{"line":35,"column":2},"end":{"line":52,"column":4}}},"fnMap":{"0":{"name":"(anonymous_0)","decl":{"start":{"line":33,"column":17},"end":{"line":33,"column":18}},"loc":{"start":{"line":33,"column":35},"end":{"line":53,"column":1}},"line":33}},"branchMap":{"0":{"loc":{"start":{"line":38,"column":9},"end":{"line":46,"column":9}},"type":"cond-expr","locations":[{"start":{"line":39,"column":10},"end":{"line":41,"column":18}},{"start":{"line":43,"column":10},"end":{"line":45,"column":23}}],"line":38}},"s":{"0":1,"1":1,"2":2,"3":2},"f":{"0":2},"b":{"0":[1,1]},"_coverageSchema":"1a1c01bbd47fc00a2c39e90264f33305004495a9","hash":"7cadcfe840854620e0d19013f9fdbe11f1165ab8"}
,"/home/sahic/final/blinkist/src/components/molecules/IconTypography/IconTypography.stories.tsx": {"path":"/home/sahic/final/blinkist/src/components/molecules/IconTypography/IconTypography.stories.tsx","statementMap":{"0":{"start":{"line":12,"column":56},"end":{"line":14,"column":1}},"1":{"start":{"line":13,"column":2},"end":{"line":13,"column":30}},"2":{"start":{"line":16,"column":24},"end":{"line":16,"column":41}},"3":{"start":{"line":17,"column":0},"end":{"line":21,"column":2}},"4":{"start":{"line":23,"column":24},"end":{"line":23,"column":41}},"5":{"start":{"line":24,"column":0},"end":{"line":28,"column":2}},"6":{"start":{"line":30,"column":32},"end":{"line":30,"column":49}},"7":{"start":{"line":31,"column":0},"end":{"line":35,"column":2}}},"fnMap":{"0":{"name":"(anonymous_0)","decl":{"start":{"line":12,"column":56},"end":{"line":12,"column":57}},"loc":{"start":{"line":13,"column":2},"end":{"line":13,"column":30}},"line":13}},"branchMap":{},"s":{"0":0,"1":0,"2":0,"3":0,"4":0,"5":0,"6":0,"7":0},"f":{"0":0},"b":{}}
,"/home/sahic/final/blinkist/src/components/molecules/IconTypography/IconTypography.tsx": {"path":"/home/sahic/final/blinkist/src/components/molecules/IconTypography/IconTypography.tsx","statementMap":{"0":{"start":{"line":26,"column":18},"end":{"line":34,"column":2}},"1":{"start":{"line":36,"column":27},"end":{"line":52,"column":1}},"2":{"start":{"line":37,"column":16},"end":{"line":37,"column":27}},"3":{"start":{"line":38,"column":2},"end":{"line":51,"column":4}}},"fnMap":{"0":{"name":"(anonymous_0)","decl":{"start":{"line":36,"column":27},"end":{"line":36,"column":28}},"loc":{"start":{"line":36,"column":63},"end":{"line":52,"column":1}},"line":36}},"branchMap":{},"s":{"0":4,"1":4,"2":14,"3":12},"f":{"0":14},"b":{},"_coverageSchema":"1a1c01bbd47fc00a2c39e90264f33305004495a9","hash":"2fb965330e069fe440a71c35d1e11346bd620db8"}
,"/home/sahic/final/blinkist/src/components/molecules/SearchBar/SearchBar.stories.tsx": {"path":"/home/sahic/final/blinkist/src/components/molecules/SearchBar/SearchBar.stories.tsx","statementMap":{"0":{"start":{"line":9,"column":51},"end":{"line":9,"column":70}},"1":{"start":{"line":9,"column":57},"end":{"line":9,"column":70}},"2":{"start":{"line":11,"column":22},"end":{"line":11,"column":39}}},"fnMap":{"0":{"name":"(anonymous_0)","decl":{"start":{"line":9,"column":51},"end":{"line":9,"column":52}},"loc":{"start":{"line":9,"column":57},"end":{"line":9,"column":70}},"line":9}},"branchMap":{},"s":{"0":0,"1":0,"2":0},"f":{"0":0},"b":{}}
,"/home/sahic/final/blinkist/src/components/molecules/SearchBar/SearchBar.tsx": {"path":"/home/sahic/final/blinkist/src/components/molecules/SearchBar/SearchBar.tsx","statementMap":{"0":{"start":{"line":6,"column":18},"end":{"line":15,"column":2}},"1":{"start":{"line":17,"column":24},"end":{"line":23,"column":2}},"2":{"start":{"line":25,"column":23},"end":{"line":28,"column":2}},"3":{"start":{"line":30,"column":18},"end":{"line":54,"column":1}},"4":{"start":{"line":31,"column":30},"end":{"line":31,"column":42}},"5":{"start":{"line":32,"column":18},"end":{"line":32,"column":29}},"6":{"start":{"line":33,"column":2},"end":{"line":53,"column":4}},"7":{"start":{"line":45,"column":29},"end":{"line":45,"column":54}}},"fnMap":{"0":{"name":"(anonymous_0)","decl":{"start":{"line":30,"column":18},"end":{"line":30,"column":19}},"loc":{"start":{"line":30,"column":24},"end":{"line":54,"column":1}},"line":30},"1":{"name":"(anonymous_1)","decl":{"start":{"line":45,"column":24},"end":{"line":45,"column":25}},"loc":{"start":{"line":45,"column":29},"end":{"line":45,"column":54}},"line":45}},"branchMap":{},"s":{"0":1,"1":1,"2":1,"3":1,"4":2,"5":2,"6":2,"7":1},"f":{"0":2,"1":1},"b":{},"_coverageSchema":"1a1c01bbd47fc00a2c39e90264f33305004495a9","hash":"1e5a993328b71892a1b06cd45201d8c0822b3a40"}
,"/home/sahic/final/blinkist/src/components/molecules/SelectedTabs/SelectedTabs.stories.tsx": {"path":"/home/sahic/final/blinkist/src/components/molecules/SelectedTabs/SelectedTabs.stories.tsx","statementMap":{"0":{"start":{"line":9,"column":54},"end":{"line":9,"column":76}},"1":{"start":{"line":9,"column":60},"end":{"line":9,"column":76}},"2":{"start":{"line":11,"column":24},"end":{"line":11,"column":41}}},"fnMap":{"0":{"name":"(anonymous_0)","decl":{"start":{"line":9,"column":54},"end":{"line":9,"column":55}},"loc":{"start":{"line":9,"column":60},"end":{"line":9,"column":76}},"line":9}},"branchMap":{},"s":{"0":0,"1":0,"2":0},"f":{"0":0},"b":{}}
,"/home/sahic/final/blinkist/src/components/molecules/SelectedTabs/SelectedTabs.tsx": {"path":"/home/sahic/final/blinkist/src/components/molecules/SelectedTabs/SelectedTabs.tsx","statementMap":{"0":{"start":{"line":7,"column":23},"end":{"line":13,"column":2}},"1":{"start":{"line":15,"column":21},"end":{"line":19,"column":2}},"2":{"start":{"line":21,"column":21},"end":{"line":39,"column":1}},"3":{"start":{"line":22,"column":2},"end":{"line":38,"column":9}}},"fnMap":{"0":{"name":"(anonymous_0)","decl":{"start":{"line":21,"column":21},"end":{"line":21,"column":22}},"loc":{"start":{"line":21,"column":27},"end":{"line":39,"column":1}},"line":21}},"branchMap":{},"s":{"0":1,"1":1,"2":1,"3":3},"f":{"0":3},"b":{},"_coverageSchema":"1a1c01bbd47fc00a2c39e90264f33305004495a9","hash":"c52f38b239f078545bf13e097cae67540aef7248"}
,"/home/sahic/final/blinkist/src/components/organisms/AboutBook/AboutBook.stories.tsx": {"path":"/home/sahic/final/blinkist/src/components/organisms/AboutBook/AboutBook.stories.tsx","statementMap":{"0":{"start":{"line":5,"column":14},"end":{"line":31,"column":4}},"1":{"start":{"line":38,"column":51},"end":{"line":42,"column":1}},"2":{"start":{"line":39,"column":2},"end":{"line":41,"column":18}},"3":{"start":{"line":44,"column":30},"end":{"line":44,"column":47}},"4":{"start":{"line":45,"column":0},"end":{"line":45,"column":25}}},"fnMap":{"0":{"name":"(anonymous_0)","decl":{"start":{"line":38,"column":51},"end":{"line":38,"column":52}},"loc":{"start":{"line":39,"column":2},"end":{"line":41,"column":18}},"line":39}},"branchMap":{},"s":{"0":0,"1":0,"2":0,"3":0,"4":0},"f":{"0":0},"b":{}}
,"/home/sahic/final/blinkist/src/components/organisms/AboutBook/AboutBook.tsx": {"path":"/home/sahic/final/blinkist/src/components/organisms/AboutBook/AboutBook.tsx","statementMap":{"0":{"start":{"line":12,"column":14},"end":{"line":43,"column":2}},"1":{"start":{"line":45,"column":18},"end":{"line":51,"column":2}},"2":{"start":{"line":53,"column":19},"end":{"line":56,"column":2}},"3":{"start":{"line":60,"column":18},"end":{"line":123,"column":1}},"4":{"start":{"line":61,"column":30},"end":{"line":61,"column":49}},"5":{"start":{"line":63,"column":23},"end":{"line":65,"column":3}},"6":{"start":{"line":64,"column":4},"end":{"line":64,"column":23}},"7":{"start":{"line":67,"column":16},"end":{"line":67,"column":27}},"8":{"start":{"line":68,"column":2},"end":{"line":122,"column":4}}},"fnMap":{"0":{"name":"(anonymous_0)","decl":{"start":{"line":60,"column":18},"end":{"line":60,"column":19}},"loc":{"start":{"line":60,"column":36},"end":{"line":123,"column":1}},"line":60},"1":{"name":"(anonymous_1)","decl":{"start":{"line":63,"column":23},"end":{"line":63,"column":24}},"loc":{"start":{"line":63,"column":74},"end":{"line":65,"column":3}},"line":63}},"branchMap":{},"s":{"0":2,"1":2,"2":2,"3":2,"4":6,"5":6,"6":2,"7":6,"8":6},"f":{"0":6,"1":2},"b":{},"_coverageSchema":"1a1c01bbd47fc00a2c39e90264f33305004495a9","hash":"b912e868c737cdc1d423037da655db835d3c64a0"}
,"/home/sahic/final/blinkist/src/components/organisms/BookDescription/BookDescription.stories.tsx": {"path":"/home/sahic/final/blinkist/src/components/organisms/BookDescription/BookDescription.stories.tsx","statementMap":{"0":{"start":{"line":10,"column":14},"end":{"line":57,"column":2}},"1":{"start":{"line":59,"column":50},"end":{"line":63,"column":1}},"2":{"start":{"line":60,"column":2},"end":{"line":62,"column":18}},"3":{"start":{"line":65,"column":29},"end":{"line":65,"column":46}},"4":{"start":{"line":66,"column":0},"end":{"line":66,"column":24}}},"fnMap":{"0":{"name":"(anonymous_0)","decl":{"start":{"line":59,"column":50},"end":{"line":59,"column":51}},"loc":{"start":{"line":60,"column":2},"end":{"line":62,"column":18}},"line":60}},"branchMap":{},"s":{"0":0,"1":0,"2":0,"3":0,"4":0},"f":{"0":0},"b":{}}
,"/home/sahic/final/blinkist/src/components/organisms/BookDescription/BookDescription.tsx": {"path":"/home/sahic/final/blinkist/src/components/organisms/BookDescription/BookDescription.tsx","statementMap":{"0":{"start":{"line":30,"column":20},"end":{"line":35,"column":2}},"1":{"start":{"line":37,"column":19},"end":{"line":42,"column":2}},"2":{"start":{"line":44,"column":19},"end":{"line":47,"column":2}},"3":{"start":{"line":49,"column":18},"end":{"line":51,"column":2}},"4":{"start":{"line":53,"column":21},"end":{"line":56,"column":2}},"5":{"start":{"line":58,"column":24},"end":{"line":212,"column":1}},"6":{"start":{"line":59,"column":34},"end":{"line":72,"column":4}},"7":{"start":{"line":74,"column":19},"end":{"line":74,"column":32}},"8":{"start":{"line":76,"column":40},"end":{"line":76,"column":55}},"9":{"start":{"line":78,"column":27},"end":{"line":80,"column":3}},"10":{"start":{"line":79,"column":4},"end":{"line":79,"column":25}},"11":{"start":{"line":82,"column":27},"end":{"line":84,"column":3}},"12":{"start":{"line":83,"column":4},"end":{"line":83,"column":26}},"13":{"start":{"line":86,"column":23},"end":{"line":92,"column":3}},"14":{"start":{"line":87,"column":20},"end":{"line":87,"column":52}},"15":{"start":{"line":88,"column":14},"end":{"line":88,"column":27}},"16":{"start":{"line":89,"column":4},"end":{"line":89,"column":30}},"17":{"start":{"line":90,"column":4},"end":{"line":90,"column":40}},"18":{"start":{"line":91,"column":4},"end":{"line":91,"column":17}},"19":{"start":{"line":94,"column":21},"end":{"line":101,"column":3}},"20":{"start":{"line":99,"column":4},"end":{"line":99,"column":47}},"21":{"start":{"line":100,"column":4},"end":{"line":100,"column":17}},"22":{"start":{"line":103,"column":18},"end":{"line":107,"column":3}},"23":{"start":{"line":104,"column":21},"end":{"line":104,"column":52}},"24":{"start":{"line":105,"column":19},"end":{"line":105,"column":32}},"25":{"start":{"line":106,"column":4},"end":{"line":106,"column":24}},"26":{"start":{"line":109,"column":2},"end":{"line":113,"column":17}},"27":{"start":{"line":110,"column":4},"end":{"line":112,"column":5}},"28":{"start":{"line":111,"column":6},"end":{"line":111,"column":16}},"29":{"start":{"line":116,"column":2},"end":{"line":118,"column":3}},"30":{"start":{"line":117,"column":4},"end":{"line":117,"column":48}},"31":{"start":{"line":120,"column":2},"end":{"line":211,"column":4}},"32":{"start":{"line":162,"column":33},"end":{"line":162,"column":47}},"33":{"start":{"line":177,"column":33},"end":{"line":177,"column":49}}},"fnMap":{"0":{"name":"(anonymous_0)","decl":{"start":{"line":58,"column":24},"end":{"line":58,"column":25}},"loc":{"start":{"line":58,"column":30},"end":{"line":212,"column":1}},"line":58},"1":{"name":"(anonymous_1)","decl":{"start":{"line":78,"column":27},"end":{"line":78,"column":28}},"loc":{"start":{"line":78,"column":33},"end":{"line":80,"column":3}},"line":78},"2":{"name":"(anonymous_2)","decl":{"start":{"line":82,"column":27},"end":{"line":82,"column":28}},"loc":{"start":{"line":82,"column":33},"end":{"line":84,"column":3}},"line":82},"3":{"name":"(anonymous_3)","decl":{"start":{"line":86,"column":23},"end":{"line":86,"column":24}},"loc":{"start":{"line":86,"column":46},"end":{"line":92,"column":3}},"line":86},"4":{"name":"(anonymous_4)","decl":{"start":{"line":94,"column":21},"end":{"line":94,"column":22}},"loc":{"start":{"line":94,"column":44},"end":{"line":101,"column":3}},"line":94},"5":{"name":"(anonymous_5)","decl":{"start":{"line":103,"column":18},"end":{"line":103,"column":19}},"loc":{"start":{"line":103,"column":30},"end":{"line":107,"column":3}},"line":103},"6":{"name":"(anonymous_6)","decl":{"start":{"line":109,"column":12},"end":{"line":109,"column":13}},"loc":{"start":{"line":109,"column":18},"end":{"line":113,"column":3}},"line":109},"7":{"name":"(anonymous_7)","decl":{"start":{"line":110,"column":11},"end":{"line":110,"column":12}},"loc":{"start":{"line":110,"column":17},"end":{"line":112,"column":5}},"line":110},"8":{"name":"(anonymous_8)","decl":{"start":{"line":162,"column":27},"end":{"line":162,"column":28}},"loc":{"start":{"line":162,"column":33},"end":{"line":162,"column":47}},"line":162},"9":{"name":"(anonymous_9)","decl":{"start":{"line":177,"column":27},"end":{"line":177,"column":28}},"loc":{"start":{"line":177,"column":33},"end":{"line":177,"column":49}},"line":177}},"branchMap":{"0":{"loc":{"start":{"line":116,"column":2},"end":{"line":118,"column":3}},"type":"if","locations":[{"start":{"line":116,"column":2},"end":{"line":118,"column":3}},{"start":{},"end":{}}],"line":116}},"s":{"0":1,"1":1,"2":1,"3":1,"4":1,"5":1,"6":3,"7":3,"8":3,"9":3,"10":0,"11":3,"12":0,"13":3,"14":1,"15":0,"16":0,"17":0,"18":0,"19":3,"20":0,"21":0,"22":3,"23":3,"24":0,"25":0,"26":3,"27":3,"28":3,"29":3,"30":0,"31":3,"32":0,"33":1},"f":{"0":3,"1":0,"2":0,"3":1,"4":0,"5":3,"6":3,"7":3,"8":0,"9":1},"b":{"0":[0,3]},"_coverageSchema":"1a1c01bbd47fc00a2c39e90264f33305004495a9","hash":"59c56bbf066391b9205131ebd7a9c6e4ed29ef5b"}
,"/home/sahic/final/blinkist/src/components/organisms/Card/Card.stories.tsx": {"path":"/home/sahic/final/blinkist/src/components/organisms/Card/Card.stories.tsx","statementMap":{"0":{"start":{"line":6,"column":14},"end":{"line":35,"column":2}},"1":{"start":{"line":42,"column":46},"end":{"line":46,"column":1}},"2":{"start":{"line":43,"column":2},"end":{"line":45,"column":18}},"3":{"start":{"line":48,"column":25},"end":{"line":48,"column":42}},"4":{"start":{"line":49,"column":0},"end":{"line":56,"column":2}},"5":{"start":{"line":58,"column":28},"end":{"line":58,"column":45}},"6":{"start":{"line":59,"column":0},"end":{"line":66,"column":2}},"7":{"start":{"line":68,"column":32},"end":{"line":68,"column":49}},"8":{"start":{"line":69,"column":0},"end":{"line":77,"column":2}}},"fnMap":{"0":{"name":"(anonymous_0)","decl":{"start":{"line":42,"column":46},"end":{"line":42,"column":47}},"loc":{"start":{"line":43,"column":2},"end":{"line":45,"column":18}},"line":43}},"branchMap":{},"s":{"0":0,"1":0,"2":0,"3":0,"4":0,"5":0,"6":0,"7":0,"8":0},"f":{"0":0},"b":{}}
,"/home/sahic/final/blinkist/src/components/organisms/Card/Card.tsx": {"path":"/home/sahic/final/blinkist/src/components/organisms/Card/Card.tsx","statementMap":{"0":{"start":{"line":15,"column":14},"end":{"line":44,"column":2}},"1":{"start":{"line":46,"column":22},"end":{"line":57,"column":2}},"2":{"start":{"line":59,"column":18},"end":{"line":126,"column":2}},"3":{"start":{"line":144,"column":13},"end":{"line":266,"column":1}},"4":{"start":{"line":145,"column":38},"end":{"line":145,"column":53}},"5":{"start":{"line":146,"column":36},"end":{"line":146,"column":48}},"6":{"start":{"line":147,"column":36},"end":{"line":147,"column":48}},"7":{"start":{"line":149,"column":34},"end":{"line":162,"column":4}},"8":{"start":{"line":165,"column":27},"end":{"line":176,"column":3}},"9":{"start":{"line":166,"column":4},"end":{"line":166,"column":24}},"10":{"start":{"line":167,"column":4},"end":{"line":170,"column":7}},"11":{"start":{"line":172,"column":4},"end":{"line":175,"column":7}},"12":{"start":{"line":178,"column":27},"end":{"line":184,"column":3}},"13":{"start":{"line":179,"column":4},"end":{"line":179,"column":25}},"14":{"start":{"line":180,"column":4},"end":{"line":182,"column":7}},"15":{"start":{"line":183,"column":4},"end":{"line":183,"column":21}},"16":{"start":{"line":186,"column":32},"end":{"line":190,"column":3}},"17":{"start":{"line":192,"column":23},"end":{"line":201,"column":3}},"18":{"start":{"line":193,"column":21},"end":{"line":193,"column":53}},"19":{"start":{"line":194,"column":14},"end":{"line":194,"column":27}},"20":{"start":{"line":195,"column":4},"end":{"line":199,"column":5}},"21":{"start":{"line":196,"column":6},"end":{"line":196,"column":33}},"22":{"start":{"line":198,"column":6},"end":{"line":198,"column":32}},"23":{"start":{"line":200,"column":4},"end":{"line":200,"column":40}},"24":{"start":{"line":204,"column":16},"end":{"line":204,"column":27}},"25":{"start":{"line":205,"column":2},"end":{"line":265,"column":4}},"26":{"start":{"line":236,"column":82},"end":{"line":236,"column":107}},"27":{"start":{"line":242,"column":82},"end":{"line":242,"column":107}},"28":{"start":{"line":251,"column":34},"end":{"line":251,"column":50}},"29":{"start":{"line":252,"column":34},"end":{"line":252,"column":50}},"30":{"start":{"line":253,"column":29},"end":{"line":253,"column":50}}},"fnMap":{"0":{"name":"(anonymous_0)","decl":{"start":{"line":144,"column":13},"end":{"line":144,"column":14}},"loc":{"start":{"line":144,"column":31},"end":{"line":266,"column":1}},"line":144},"1":{"name":"(anonymous_1)","decl":{"start":{"line":165,"column":27},"end":{"line":165,"column":28}},"loc":{"start":{"line":165,"column":33},"end":{"line":176,"column":3}},"line":165},"2":{"name":"(anonymous_2)","decl":{"start":{"line":178,"column":27},"end":{"line":178,"column":28}},"loc":{"start":{"line":178,"column":33},"end":{"line":184,"column":3}},"line":178},"3":{"name":"(anonymous_3)","decl":{"start":{"line":186,"column":32},"end":{"line":186,"column":33}},"loc":{"start":{"line":186,"column":44},"end":{"line":190,"column":3}},"line":186},"4":{"name":"(anonymous_4)","decl":{"start":{"line":192,"column":23},"end":{"line":192,"column":24}},"loc":{"start":{"line":192,"column":46},"end":{"line":201,"column":3}},"line":192},"5":{"name":"(anonymous_5)","decl":{"start":{"line":236,"column":76},"end":{"line":236,"column":77}},"loc":{"start":{"line":236,"column":82},"end":{"line":236,"column":107}},"line":236},"6":{"name":"(anonymous_6)","decl":{"start":{"line":242,"column":76},"end":{"line":242,"column":77}},"loc":{"start":{"line":242,"column":82},"end":{"line":242,"column":107}},"line":242},"7":{"name":"(anonymous_7)","decl":{"start":{"line":251,"column":28},"end":{"line":251,"column":29}},"loc":{"start":{"line":251,"column":34},"end":{"line":251,"column":50}},"line":251},"8":{"name":"(anonymous_8)","decl":{"start":{"line":252,"column":28},"end":{"line":252,"column":29}},"loc":{"start":{"line":252,"column":34},"end":{"line":252,"column":50}},"line":252},"9":{"name":"(anonymous_9)","decl":{"start":{"line":253,"column":23},"end":{"line":253,"column":24}},"loc":{"start":{"line":253,"column":29},"end":{"line":253,"column":50}},"line":253}},"branchMap":{"0":{"loc":{"start":{"line":195,"column":4},"end":{"line":199,"column":5}},"type":"if","locations":[{"start":{"line":195,"column":4},"end":{"line":199,"column":5}},{"start":{"line":197,"column":11},"end":{"line":199,"column":5}}],"line":195},"1":{"loc":{"start":{"line":225,"column":15},"end":{"line":231,"column":15}},"type":"cond-expr","locations":[{"start":{"line":225,"column":35},"end":{"line":225,"column":39}},{"start":{"line":226,"column":16},"end":{"line":230,"column":18}}],"line":225},"2":{"loc":{"start":{"line":235,"column":11},"end":{"line":239,"column":18}},"type":"cond-expr","locations":[{"start":{"line":236,"column":12},"end":{"line":238,"column":25}},{"start":{"line":239,"column":14},"end":{"line":239,"column":18}}],"line":235},"3":{"loc":{"start":{"line":241,"column":11},"end":{"line":245,"column":18}},"type":"cond-expr","locations":[{"start":{"line":242,"column":12},"end":{"line":244,"column":25}},{"start":{"line":245,"column":14},"end":{"line":245,"column":18}}],"line":241},"4":{"loc":{"start":{"line":247,"column":11},"end":{"line":261,"column":18}},"type":"cond-expr","locations":[{"start":{"line":248,"column":12},"end":{"line":260,"column":21}},{"start":{"line":261,"column":14},"end":{"line":261,"column":18}}],"line":247}},"s":{"0":1,"1":1,"2":1,"3":1,"4":4,"5":3,"6":3,"7":3,"8":3,"9":0,"10":0,"11":0,"12":3,"13":0,"14":0,"15":0,"16":3,"17":3,"18":0,"19":0,"20":0,"21":0,"22":0,"23":0,"24":3,"25":3,"26":0,"27":0,"28":0,"29":0,"30":0},"f":{"0":4,"1":0,"2":0,"3":0,"4":0,"5":0,"6":0,"7":0,"8":0,"9":0},"b":{"0":[0,0],"1":[0,3],"2":[1,2],"3":[1,2],"4":[1,2]},"_coverageSchema":"1a1c01bbd47fc00a2c39e90264f33305004495a9","hash":"217d8ecd2647ba131b090932ff7fd5b5326114ba"}
,"/home/sahic/final/blinkist/src/components/organisms/DisplayCards/index.stories.tsx": {"path":"/home/sahic/final/blinkist/src/components/organisms/DisplayCards/index.stories.tsx","statementMap":{"0":{"start":{"line":7,"column":14},"end":{"line":22,"column":2}},"1":{"start":{"line":29,"column":53},"end":{"line":35,"column":1}},"2":{"start":{"line":30,"column":2},"end":{"line":34,"column":18}},"3":{"start":{"line":37,"column":32},"end":{"line":37,"column":49}},"4":{"start":{"line":38,"column":0},"end":{"line":41,"column":2}}},"fnMap":{"0":{"name":"(anonymous_0)","decl":{"start":{"line":29,"column":53},"end":{"line":29,"column":54}},"loc":{"start":{"line":30,"column":2},"end":{"line":34,"column":18}},"line":30}},"branchMap":{},"s":{"0":0,"1":0,"2":0,"3":0,"4":0},"f":{"0":0},"b":{}}
,"/home/sahic/final/blinkist/src/components/organisms/DisplayCards/index.tsx": {"path":"/home/sahic/final/blinkist/src/components/organisms/DisplayCards/index.tsx","statementMap":{"0":{"start":{"line":32,"column":18},"end":{"line":39,"column":2}},"1":{"start":{"line":41,"column":19},"end":{"line":50,"column":2}},"2":{"start":{"line":52,"column":20},"end":{"line":106,"column":1}},"3":{"start":{"line":53,"column":34},"end":{"line":53,"column":54}},"4":{"start":{"line":55,"column":2},"end":{"line":63,"column":30}},"5":{"start":{"line":56,"column":4},"end":{"line":62,"column":5}},"6":{"start":{"line":57,"column":6},"end":{"line":57,"column":66}},"7":{"start":{"line":57,"column":42},"end":{"line":57,"column":63}},"8":{"start":{"line":59,"column":6},"end":{"line":61,"column":69}},"9":{"start":{"line":60,"column":46},"end":{"line":60,"column":67}},"10":{"start":{"line":61,"column":46},"end":{"line":61,"column":66}},"11":{"start":{"line":65,"column":19},"end":{"line":65,"column":32}},"12":{"start":{"line":67,"column":16},"end":{"line":67,"column":27}},"13":{"start":{"line":69,"column":26},"end":{"line":77,"column":3}},"14":{"start":{"line":70,"column":24},"end":{"line":70,"column":32}},"15":{"start":{"line":71,"column":7},"end":{"line":71,"column":40}},"16":{"start":{"line":72,"column":7},"end":{"line":72,"column":29}},"17":{"start":{"line":73,"column":17},"end":{"line":73,"column":59}},"18":{"start":{"line":73,"column":43},"end":{"line":73,"column":58}},"19":{"start":{"line":74,"column":7},"end":{"line":74,"column":32}},"20":{"start":{"line":75,"column":7},"end":{"line":75,"column":33}},"21":{"start":{"line":78,"column":2},"end":{"line":105,"column":4}},"22":{"start":{"line":87,"column":14},"end":{"line":100,"column":16}},"23":{"start":{"line":97,"column":33},"end":{"line":97,"column":57}}},"fnMap":{"0":{"name":"(anonymous_0)","decl":{"start":{"line":52,"column":20},"end":{"line":52,"column":21}},"loc":{"start":{"line":52,"column":42},"end":{"line":106,"column":1}},"line":52},"1":{"name":"(anonymous_1)","decl":{"start":{"line":55,"column":12},"end":{"line":55,"column":13}},"loc":{"start":{"line":55,"column":18},"end":{"line":63,"column":3}},"line":55},"2":{"name":"(anonymous_2)","decl":{"start":{"line":57,"column":34},"end":{"line":57,"column":35}},"loc":{"start":{"line":57,"column":42},"end":{"line":57,"column":63}},"line":57},"3":{"name":"(anonymous_3)","decl":{"start":{"line":60,"column":38},"end":{"line":60,"column":39}},"loc":{"start":{"line":60,"column":46},"end":{"line":60,"column":67}},"line":60},"4":{"name":"(anonymous_4)","decl":{"start":{"line":61,"column":38},"end":{"line":61,"column":39}},"loc":{"start":{"line":61,"column":46},"end":{"line":61,"column":66}},"line":61},"5":{"name":"(anonymous_5)","decl":{"start":{"line":69,"column":26},"end":{"line":69,"column":27}},"loc":{"start":{"line":69,"column":45},"end":{"line":77,"column":3}},"line":69},"6":{"name":"(anonymous_6)","decl":{"start":{"line":73,"column":33},"end":{"line":73,"column":34}},"loc":{"start":{"line":73,"column":43},"end":{"line":73,"column":58}},"line":73},"7":{"name":"(anonymous_7)","decl":{"start":{"line":86,"column":17},"end":{"line":86,"column":18}},"loc":{"start":{"line":86,"column":34},"end":{"line":101,"column":13}},"line":86},"8":{"name":"(anonymous_8)","decl":{"start":{"line":97,"column":27},"end":{"line":97,"column":28}},"loc":{"start":{"line":97,"column":33},"end":{"line":97,"column":57}},"line":97}},"branchMap":{"0":{"loc":{"start":{"line":56,"column":4},"end":{"line":62,"column":5}},"type":"if","locations":[{"start":{"line":56,"column":4},"end":{"line":62,"column":5}},{"start":{"line":58,"column":11},"end":{"line":62,"column":5}}],"line":56},"1":{"loc":{"start":{"line":59,"column":6},"end":{"line":61,"column":68}},"type":"cond-expr","locations":[{"start":{"line":60,"column":10},"end":{"line":60,"column":69}},{"start":{"line":61,"column":10},"end":{"line":61,"column":68}}],"line":59}},"s":{"0":0,"1":0,"2":0,"3":0,"4":0,"5":0,"6":0,"7":0,"8":0,"9":0,"10":0,"11":0,"12":0,"13":0,"14":0,"15":0,"16":0,"17":0,"18":0,"19":0,"20":0,"21":0,"22":0,"23":0},"f":{"0":0,"1":0,"2":0,"3":0,"4":0,"5":0,"6":0,"7":0,"8":0},"b":{"0":[0,0],"1":[0,0]}}
,"/home/sahic/final/blinkist/src/components/organisms/ExtendedNav/index.stories.tsx": {"path":"/home/sahic/final/blinkist/src/components/organisms/ExtendedNav/index.stories.tsx","statementMap":{"0":{"start":{"line":6,"column":14},"end":{"line":19,"column":2}},"1":{"start":{"line":26,"column":53},"end":{"line":32,"column":1}},"2":{"start":{"line":27,"column":2},"end":{"line":31,"column":18}},"3":{"start":{"line":34,"column":32},"end":{"line":34,"column":49}}},"fnMap":{"0":{"name":"(anonymous_0)","decl":{"start":{"line":26,"column":53},"end":{"line":26,"column":54}},"loc":{"start":{"line":27,"column":2},"end":{"line":31,"column":18}},"line":27}},"branchMap":{},"s":{"0":0,"1":0,"2":0,"3":0},"f":{"0":0},"b":{}}
,"/home/sahic/final/blinkist/src/components/organisms/ExtendedNav/index.tsx": {"path":"/home/sahic/final/blinkist/src/components/organisms/ExtendedNav/index.tsx","statementMap":{"0":{"start":{"line":10,"column":14},"end":{"line":23,"column":2}},"1":{"start":{"line":25,"column":18},"end":{"line":73,"column":2}},"2":{"start":{"line":75,"column":19},"end":{"line":84,"column":2}},"3":{"start":{"line":86,"column":20},"end":{"line":140,"column":1}},"4":{"start":{"line":87,"column":36},"end":{"line":90,"column":4}},"5":{"start":{"line":92,"column":2},"end":{"line":97,"column":9}},"6":{"start":{"line":93,"column":4},"end":{"line":96,"column":7}},"7":{"start":{"line":99,"column":16},"end":{"line":99,"column":27}},"8":{"start":{"line":101,"column":19},"end":{"line":101,"column":32}},"9":{"start":{"line":103,"column":31},"end":{"line":105,"column":3}},"10":{"start":{"line":104,"column":4},"end":{"line":104,"column":30}},"11":{"start":{"line":107,"column":2},"end":{"line":139,"column":4}},"12":{"start":{"line":121,"column":16},"end":{"line":132,"column":18}}},"fnMap":{"0":{"name":"(anonymous_0)","decl":{"start":{"line":86,"column":20},"end":{"line":86,"column":21}},"loc":{"start":{"line":86,"column":26},"end":{"line":140,"column":1}},"line":86},"1":{"name":"(anonymous_1)","decl":{"start":{"line":92,"column":12},"end":{"line":92,"column":13}},"loc":{"start":{"line":92,"column":18},"end":{"line":97,"column":3}},"line":92},"2":{"name":"(anonymous_2)","decl":{"start":{"line":103,"column":31},"end":{"line":103,"column":32}},"loc":{"start":{"line":103,"column":37},"end":{"line":105,"column":3}},"line":103},"3":{"name":"(anonymous_3)","decl":{"start":{"line":120,"column":27},"end":{"line":120,"column":28}},"loc":{"start":{"line":120,"column":44},"end":{"line":133,"column":15}},"line":120}},"branchMap":{},"s":{"0":0,"1":0,"2":0,"3":0,"4":0,"5":0,"6":0,"7":0,"8":0,"9":0,"10":0,"11":0,"12":0},"f":{"0":0,"1":0,"2":0,"3":0},"b":{}}
,"/home/sahic/final/blinkist/src/components/organisms/Footer/Footer.stories.tsx": {"path":"/home/sahic/final/blinkist/src/components/organisms/Footer/Footer.stories.tsx","statementMap":{"0":{"start":{"line":5,"column":14},"end":{"line":25,"column":2}},"1":{"start":{"line":32,"column":48},"end":{"line":36,"column":1}},"2":{"start":{"line":33,"column":2},"end":{"line":35,"column":18}},"3":{"start":{"line":38,"column":27},"end":{"line":38,"column":44}}},"fnMap":{"0":{"name":"(anonymous_0)","decl":{"start":{"line":32,"column":48},"end":{"line":32,"column":49}},"loc":{"start":{"line":33,"column":2},"end":{"line":35,"column":18}},"line":33}},"branchMap":{},"s":{"0":0,"1":0,"2":0,"3":0},"f":{"0":0},"b":{}}
,"/home/sahic/final/blinkist/src/components/organisms/Footer/Footer.tsx": {"path":"/home/sahic/final/blinkist/src/components/organisms/Footer/Footer.tsx","statementMap":{"0":{"start":{"line":33,"column":18},"end":{"line":44,"column":2}},"1":{"start":{"line":46,"column":19},"end":{"line":56,"column":2}},"2":{"start":{"line":58,"column":18},"end":{"line":61,"column":2}},"3":{"start":{"line":63,"column":24},"end":{"line":67,"column":2}},"4":{"start":{"line":69,"column":19},"end":{"line":73,"column":2}},"5":{"start":{"line":75,"column":20},"end":{"line":82,"column":2}},"6":{"start":{"line":86,"column":15},"end":{"line":116,"column":1}},"7":{"start":{"line":87,"column":2},"end":{"line":115,"column":4}}},"fnMap":{"0":{"name":"(anonymous_0)","decl":{"start":{"line":86,"column":15},"end":{"line":86,"column":16}},"loc":{"start":{"line":86,"column":33},"end":{"line":116,"column":1}},"line":86}},"branchMap":{},"s":{"0":0,"1":0,"2":0,"3":0,"4":0,"5":0,"6":0,"7":0},"f":{"0":0},"b":{}}
,"/home/sahic/final/blinkist/src/components/organisms/FooterNav/FooterNav.stories.tsx": {"path":"/home/sahic/final/blinkist/src/components/organisms/FooterNav/FooterNav.stories.tsx","statementMap":{"0":{"start":{"line":10,"column":51},"end":{"line":12,"column":1}},"1":{"start":{"line":11,"column":2},"end":{"line":11,"column":25}},"2":{"start":{"line":14,"column":24},"end":{"line":14,"column":41}},"3":{"start":{"line":16,"column":0},"end":{"line":19,"column":2}},"4":{"start":{"line":21,"column":25},"end":{"line":21,"column":42}},"5":{"start":{"line":23,"column":0},"end":{"line":26,"column":2}},"6":{"start":{"line":28,"column":24},"end":{"line":28,"column":41}},"7":{"start":{"line":30,"column":0},"end":{"line":33,"column":2}}},"fnMap":{"0":{"name":"(anonymous_0)","decl":{"start":{"line":10,"column":51},"end":{"line":10,"column":52}},"loc":{"start":{"line":11,"column":2},"end":{"line":11,"column":25}},"line":11}},"branchMap":{},"s":{"0":0,"1":0,"2":0,"3":0,"4":0,"5":0,"6":0,"7":0},"f":{"0":0},"b":{}}
,"/home/sahic/final/blinkist/src/components/organisms/FooterNav/FooterNav.tsx": {"path":"/home/sahic/final/blinkist/src/components/organisms/FooterNav/FooterNav.tsx","statementMap":{"0":{"start":{"line":33,"column":18},"end":{"line":36,"column":2}},"1":{"start":{"line":38,"column":18},"end":{"line":40,"column":2}},"2":{"start":{"line":42,"column":18},"end":{"line":57,"column":1}},"3":{"start":{"line":43,"column":2},"end":{"line":56,"column":4}},"4":{"start":{"line":48,"column":10},"end":{"line":52,"column":12}}},"fnMap":{"0":{"name":"(anonymous_0)","decl":{"start":{"line":42,"column":18},"end":{"line":42,"column":19}},"loc":{"start":{"line":42,"column":36},"end":{"line":57,"column":1}},"line":42},"1":{"name":"(anonymous_1)","decl":{"start":{"line":47,"column":24},"end":{"line":47,"column":25}},"loc":{"start":{"line":47,"column":41},"end":{"line":53,"column":9}},"line":47}},"branchMap":{},"s":{"0":0,"1":0,"2":0,"3":0,"4":0},"f":{"0":0,"1":0},"b":{}}
,"/home/sahic/final/blinkist/src/components/organisms/Header/Header.stories.tsx": {"path":"/home/sahic/final/blinkist/src/components/organisms/Header/Header.stories.tsx","statementMap":{"0":{"start":{"line":5,"column":14},"end":{"line":20,"column":2}},"1":{"start":{"line":27,"column":48},"end":{"line":31,"column":1}},"2":{"start":{"line":28,"column":2},"end":{"line":30,"column":18}},"3":{"start":{"line":33,"column":27},"end":{"line":33,"column":44}}},"fnMap":{"0":{"name":"(anonymous_0)","decl":{"start":{"line":27,"column":48},"end":{"line":27,"column":49}},"loc":{"start":{"line":28,"column":2},"end":{"line":30,"column":18}},"line":28}},"branchMap":{},"s":{"0":0,"1":0,"2":0,"3":0},"f":{"0":0},"b":{}}
,"/home/sahic/final/blinkist/src/components/organisms/Header/Header.tsx": {"path":"/home/sahic/final/blinkist/src/components/organisms/Header/Header.tsx","statementMap":{"0":{"start":{"line":33,"column":22},"end":{"line":41,"column":2}},"1":{"start":{"line":43,"column":18},"end":{"line":70,"column":2}},"2":{"start":{"line":74,"column":15},"end":{"line":138,"column":1}},"3":{"start":{"line":75,"column":40},"end":{"line":75,"column":64}},"4":{"start":{"line":76,"column":40},"end":{"line":76,"column":64}},"5":{"start":{"line":77,"column":50},"end":{"line":79,"column":4}},"6":{"start":{"line":80,"column":50},"end":{"line":82,"column":4}},"7":{"start":{"line":84,"column":19},"end":{"line":84,"column":32}},"8":{"start":{"line":86,"column":30},"end":{"line":94,"column":3}},"9":{"start":{"line":87,"column":4},"end":{"line":87,"column":63}},"10":{"start":{"line":89,"column":4},"end":{"line":93,"column":5}},"11":{"start":{"line":90,"column":6},"end":{"line":90,"column":57}},"12":{"start":{"line":92,"column":6},"end":{"line":92,"column":59}},"13":{"start":{"line":96,"column":30},"end":{"line":104,"column":3}},"14":{"start":{"line":97,"column":4},"end":{"line":97,"column":63}},"15":{"start":{"line":99,"column":4},"end":{"line":103,"column":5}},"16":{"start":{"line":100,"column":6},"end":{"line":100,"column":57}},"17":{"start":{"line":102,"column":6},"end":{"line":102,"column":59}},"18":{"start":{"line":106,"column":16},"end":{"line":106,"column":27}},"19":{"start":{"line":107,"column":2},"end":{"line":137,"column":4}},"20":{"start":{"line":122,"column":81},"end":{"line":122,"column":94}}},"fnMap":{"0":{"name":"(anonymous_0)","decl":{"start":{"line":74,"column":15},"end":{"line":74,"column":16}},"loc":{"start":{"line":74,"column":33},"end":{"line":138,"column":1}},"line":74},"1":{"name":"(anonymous_1)","decl":{"start":{"line":86,"column":30},"end":{"line":86,"column":31}},"loc":{"start":{"line":86,"column":36},"end":{"line":94,"column":3}},"line":86},"2":{"name":"(anonymous_2)","decl":{"start":{"line":96,"column":30},"end":{"line":96,"column":31}},"loc":{"start":{"line":96,"column":36},"end":{"line":104,"column":3}},"line":96},"3":{"name":"(anonymous_3)","decl":{"start":{"line":122,"column":75},"end":{"line":122,"column":76}},"loc":{"start":{"line":122,"column":81},"end":{"line":122,"column":94}},"line":122}},"branchMap":{"0":{"loc":{"start":{"line":87,"column":4},"end":{"line":87,"column":62}},"type":"cond-expr","locations":[{"start":{"line":87,"column":18},"end":{"line":87,"column":39}},{"start":{"line":87,"column":42},"end":{"line":87,"column":62}}],"line":87},"1":{"loc":{"start":{"line":89,"column":4},"end":{"line":93,"column":5}},"type":"if","locations":[{"start":{"line":89,"column":4},"end":{"line":93,"column":5}},{"start":{"line":91,"column":11},"end":{"line":93,"column":5}}],"line":89},"2":{"loc":{"start":{"line":97,"column":4},"end":{"line":97,"column":62}},"type":"cond-expr","locations":[{"start":{"line":97,"column":18},"end":{"line":97,"column":39}},{"start":{"line":97,"column":42},"end":{"line":97,"column":62}}],"line":97},"3":{"loc":{"start":{"line":99,"column":4},"end":{"line":103,"column":5}},"type":"if","locations":[{"start":{"line":99,"column":4},"end":{"line":103,"column":5}},{"start":{"line":101,"column":11},"end":{"line":103,"column":5}}],"line":99},"4":{"loc":{"start":{"line":134,"column":9},"end":{"line":134,"column":45}},"type":"cond-expr","locations":[{"start":{"line":134,"column":23},"end":{"line":134,"column":38}},{"start":{"line":134,"column":41},"end":{"line":134,"column":45}}],"line":134}},"s":{"0":0,"1":0,"2":0,"3":0,"4":0,"5":0,"6":0,"7":0,"8":0,"9":0,"10":0,"11":0,"12":0,"13":0,"14":0,"15":0,"16":0,"17":0,"18":0,"19":0,"20":0},"f":{"0":0,"1":0,"2":0,"3":0},"b":{"0":[0,0],"1":[0,0],"2":[0,0],"3":[0,0],"4":[0,0]}}
,"/home/sahic/final/blinkist/src/components/organisms/Tab/index.stories.tsx": {"path":"/home/sahic/final/blinkist/src/components/organisms/Tab/index.stories.tsx","statementMap":{"0":{"start":{"line":5,"column":14},"end":{"line":32,"column":2}},"1":{"start":{"line":39,"column":45},"end":{"line":43,"column":1}},"2":{"start":{"line":40,"column":2},"end":{"line":42,"column":18}},"3":{"start":{"line":45,"column":28},"end":{"line":45,"column":45}},"4":{"start":{"line":46,"column":0},"end":{"line":48,"column":2}}},"fnMap":{"0":{"name":"(anonymous_0)","decl":{"start":{"line":39,"column":45},"end":{"line":39,"column":46}},"loc":{"start":{"line":40,"column":2},"end":{"line":42,"column":18}},"line":40}},"branchMap":{},"s":{"0":0,"1":0,"2":0,"3":0,"4":0},"f":{"0":0},"b":{}}
,"/home/sahic/final/blinkist/src/components/organisms/Tab/index.tsx": {"path":"/home/sahic/final/blinkist/src/components/organisms/Tab/index.tsx","statementMap":{"0":{"start":{"line":16,"column":18},"end":{"line":22,"column":2}},"1":{"start":{"line":24,"column":19},"end":{"line":32,"column":2}},"2":{"start":{"line":34,"column":16},"end":{"line":148,"column":1}},"3":{"start":{"line":35,"column":28},"end":{"line":35,"column":49}},"4":{"start":{"line":36,"column":38},"end":{"line":51,"column":4}},"5":{"start":{"line":53,"column":2},"end":{"line":60,"column":19}},"6":{"start":{"line":54,"column":20},"end":{"line":58,"column":5}},"7":{"start":{"line":55,"column":23},"end":{"line":55,"column":49}},"8":{"start":{"line":56,"column":21},"end":{"line":56,"column":34}},"9":{"start":{"line":57,"column":6},"end":{"line":57,"column":28}},"10":{"start":{"line":59,"column":4},"end":{"line":59,"column":14}},"11":{"start":{"line":62,"column":23},"end":{"line":64,"column":3}},"12":{"start":{"line":63,"column":4},"end":{"line":63,"column":23}},"13":{"start":{"line":66,"column":16},"end":{"line":66,"column":27}},"14":{"start":{"line":68,"column":2},"end":{"line":147,"column":4}},"15":{"start":{"line":103,"column":36},"end":{"line":103,"column":58}},"16":{"start":{"line":105,"column":20},"end":{"line":118,"column":22}},"17":{"start":{"line":116,"column":39},"end":{"line":116,"column":71}},"18":{"start":{"line":125,"column":36},"end":{"line":125,"column":57}},"19":{"start":{"line":127,"column":20},"end":{"line":139,"column":22}},"20":{"start":{"line":137,"column":39},"end":{"line":137,"column":62}}},"fnMap":{"0":{"name":"(anonymous_0)","decl":{"start":{"line":34,"column":16},"end":{"line":34,"column":17}},"loc":{"start":{"line":34,"column":22},"end":{"line":148,"column":1}},"line":34},"1":{"name":"(anonymous_1)","decl":{"start":{"line":53,"column":12},"end":{"line":53,"column":13}},"loc":{"start":{"line":53,"column":18},"end":{"line":60,"column":3}},"line":53},"2":{"name":"(anonymous_2)","decl":{"start":{"line":54,"column":20},"end":{"line":54,"column":21}},"loc":{"start":{"line":54,"column":32},"end":{"line":58,"column":5}},"line":54},"3":{"name":"(anonymous_3)","decl":{"start":{"line":62,"column":23},"end":{"line":62,"column":24}},"loc":{"start":{"line":62,"column":74},"end":{"line":64,"column":3}},"line":62},"4":{"name":"(anonymous_4)","decl":{"start":{"line":103,"column":26},"end":{"line":103,"column":27}},"loc":{"start":{"line":103,"column":36},"end":{"line":103,"column":58}},"line":103},"5":{"name":"(anonymous_5)","decl":{"start":{"line":104,"column":23},"end":{"line":104,"column":24}},"loc":{"start":{"line":104,"column":40},"end":{"line":119,"column":19}},"line":104},"6":{"name":"(anonymous_6)","decl":{"start":{"line":116,"column":33},"end":{"line":116,"column":34}},"loc":{"start":{"line":116,"column":39},"end":{"line":116,"column":71}},"line":116},"7":{"name":"(anonymous_7)","decl":{"start":{"line":125,"column":26},"end":{"line":125,"column":27}},"loc":{"start":{"line":125,"column":36},"end":{"line":125,"column":57}},"line":125},"8":{"name":"(anonymous_8)","decl":{"start":{"line":126,"column":23},"end":{"line":126,"column":24}},"loc":{"start":{"line":126,"column":40},"end":{"line":140,"column":19}},"line":126},"9":{"name":"(anonymous_9)","decl":{"start":{"line":137,"column":33},"end":{"line":137,"column":34}},"loc":{"start":{"line":137,"column":39},"end":{"line":137,"column":62}},"line":137}},"branchMap":{},"s":{"0":0,"1":0,"2":0,"3":0,"4":0,"5":0,"6":0,"7":0,"8":0,"9":0,"10":0,"11":0,"12":0,"13":0,"14":0,"15":0,"16":0,"17":0,"18":0,"19":0,"20":0},"f":{"0":0,"1":0,"2":0,"3":0,"4":0,"5":0,"6":0,"7":0,"8":0,"9":0},"b":{}}
,"/home/sahic/final/blinkist/src/components/templates/BookDetail/index.tsx": {"path":"/home/sahic/final/blinkist/src/components/templates/BookDetail/index.tsx","statementMap":{"0":{"start":{"line":9,"column":14},"end":{"line":56,"column":2}},"1":{"start":{"line":58,"column":19},"end":{"line":68,"column":1}},"2":{"start":{"line":59,"column":2},"end":{"line":67,"column":4}}},"fnMap":{"0":{"name":"(anonymous_0)","decl":{"start":{"line":58,"column":19},"end":{"line":58,"column":20}},"loc":{"start":{"line":58,"column":45},"end":{"line":68,"column":1}},"line":58}},"branchMap":{},"s":{"0":0,"1":0,"2":0},"f":{"0":0},"b":{}}
,"/home/sahic/final/blinkist/src/components/templates/Entrepreneurs/index.tsx": {"path":"/home/sahic/final/blinkist/src/components/templates/Entrepreneurs/index.tsx","statementMap":{"0":{"start":{"line":14,"column":14},"end":{"line":29,"column":2}},"1":{"start":{"line":31,"column":21},"end":{"line":35,"column":2}},"2":{"start":{"line":37,"column":18},"end":{"line":45,"column":2}},"3":{"start":{"line":47,"column":21},"end":{"line":52,"column":2}},"4":{"start":{"line":54,"column":22},"end":{"line":59,"column":2}},"5":{"start":{"line":61,"column":21},"end":{"line":66,"column":2}},"6":{"start":{"line":68,"column":21},"end":{"line":70,"column":2}},"7":{"start":{"line":72,"column":21},"end":{"line":90,"column":1}},"8":{"start":{"line":73,"column":16},"end":{"line":73,"column":27}},"9":{"start":{"line":74,"column":2},"end":{"line":89,"column":4}}},"fnMap":{"0":{"name":"(anonymous_0)","decl":{"start":{"line":72,"column":21},"end":{"line":72,"column":22}},"loc":{"start":{"line":72,"column":51},"end":{"line":90,"column":1}},"line":72}},"branchMap":{},"s":{"0":0,"1":0,"2":0,"3":0,"4":0,"5":0,"6":0,"7":0,"8":0,"9":0},"f":{"0":0},"b":{}}
,"/home/sahic/final/blinkist/src/components/templates/MyLibrary/index.tsx": {"path":"/home/sahic/final/blinkist/src/components/templates/MyLibrary/index.tsx","statementMap":{"0":{"start":{"line":12,"column":14},"end":{"line":27,"column":2}},"1":{"start":{"line":29,"column":18},"end":{"line":33,"column":2}},"2":{"start":{"line":35,"column":18},"end":{"line":48,"column":1}},"3":{"start":{"line":36,"column":16},"end":{"line":36,"column":27}},"4":{"start":{"line":37,"column":2},"end":{"line":47,"column":4}}},"fnMap":{"0":{"name":"(anonymous_0)","decl":{"start":{"line":35,"column":18},"end":{"line":35,"column":19}},"loc":{"start":{"line":35,"column":36},"end":{"line":48,"column":1}},"line":35}},"branchMap":{},"s":{"0":0,"1":0,"2":0,"3":0,"4":0},"f":{"0":0},"b":{}}
,"/home/sahic/final/blinkist/src/components/theme/theme.tsx": {"path":"/home/sahic/final/blinkist/src/components/theme/theme.tsx","statementMap":{"0":{"start":{"line":3,"column":14},"end":{"line":69,"column":2}}},"fnMap":{},"branchMap":{},"s":{"0":1},"f":{},"b":{},"_coverageSchema":"1a1c01bbd47fc00a2c39e90264f33305004495a9","hash":"f5f57219af5855a3a7dd4d3c702c207d86a47d67"}
,"/home/sahic/final/blinkist/src/data/Constants.tsx": {"path":"/home/sahic/final/blinkist/src/data/Constants.tsx","statementMap":{"0":{"start":{"line":1,"column":18},"end":{"line":40,"column":1}}},"fnMap":{},"branchMap":{},"s":{"0":3},"f":{},"b":{},"_coverageSchema":"1a1c01bbd47fc00a2c39e90264f33305004495a9","hash":"dc2ce74bccab178179d26d9bdf34a7d84f8c8398"}
,"/home/sahic/final/blinkist/src/data/ExtendedNavData.tsx": {"path":"/home/sahic/final/blinkist/src/data/ExtendedNavData.tsx","statementMap":{"0":{"start":{"line":20,"column":24},"end":{"line":93,"column":1}}},"fnMap":{},"branchMap":{},"s":{"0":0},"f":{},"b":{}}
,"/home/sahic/final/blinkist/src/data/FooterNav.tsx": {"path":"/home/sahic/final/blinkist/src/data/FooterNav.tsx","statementMap":{"0":{"start":{"line":1,"column":18},"end":{"line":16,"column":1}}},"fnMap":{},"branchMap":{},"s":{"0":0},"f":{},"b":{}}
,"/home/sahic/final/blinkist/src/data/Library.tsx": {"path":"/home/sahic/final/blinkist/src/data/Library.tsx","statementMap":{"0":{"start":{"line":13,"column":16},"end":{"line":168,"column":1}}},"fnMap":{},"branchMap":{},"s":{"0":0},"f":{},"b":{}}
}
