TN:
SF:src/App.tsx
FN:10,App
FNF:1
FNH:0
FNDA:0,App
DA:11,0
LF:1
LH:0
BRF:0
BRH:0
end_of_record
TN:
SF:src/index.tsx
FNF:0
FNH:0
DA:8,0
DA:9,0
DA:11,0
DA:14,0
DA:27,0
LF:5
LH:0
BRF:0
BRH:0
end_of_record
TN:
SF:src/reportWebVitals.ts
FN:3,(anonymous_0)
FN:5,(anonymous_1)
FNF:2
FNH:0
FNDA:0,(anonymous_0)
FNDA:0,(anonymous_1)
DA:3,0
DA:4,0
DA:5,0
DA:6,0
DA:7,0
DA:8,0
DA:9,0
DA:10,0
LF:8
LH:0
BRDA:4,0,0,0
BRDA:4,0,1,0
BRDA:4,1,0,0
BRDA:4,1,1,0
BRF:4
BRH:0
end_of_record
TN:
SF:src/Pages/BookDetails/index.tsx
FN:6,(anonymous_0)
FNF:1
FNH:1
FNDA:1,(anonymous_0)
DA:6,1
DA:7,1
LF:2
LH:2
BRF:0
BRH:0
end_of_record
TN:
SF:src/Pages/Entrepreneur/index.tsx
FN:10,(anonymous_0)
FNF:1
FNH:0
FNDA:0,(anonymous_0)
DA:10,0
DA:11,0
LF:2
LH:0
BRF:0
BRH:0
end_of_record
TN:
SF:src/Pages/MyLibrary/index.tsx
FN:8,(anonymous_0)
FNF:1
FNH:0
FNDA:0,(anonymous_0)
DA:8,0
DA:9,0
LF:2
LH:0
BRF:0
BRH:0
end_of_record
TN:
SF:src/api/api.tsx
FNF:0
FNH:0
LF:0
LH:0
BRF:0
BRH:0
end_of_record
TN:
SF:src/components/LoginButton.tsx
FN:5,Login
FN:8,(anonymous_1)
FNF:2
FNH:0
FNDA:0,Login
FNDA:0,(anonymous_1)
DA:6,0
DA:8,0
DA:9,0
DA:10,0
DA:11,0
DA:15,0
LF:6
LH:0
BRDA:10,0,0,0
BRDA:10,0,1,0
BRF:2
BRH:0
end_of_record
TN:
SF:src/components/LogoutButton.tsx
FN:4,(anonymous_0)
FN:8,(anonymous_1)
FNF:2
FNH:0
FNDA:0,(anonymous_0)
FNDA:0,(anonymous_1)
DA:4,0
DA:5,0
DA:7,0
DA:8,0
LF:4
LH:0
BRF:0
BRH:0
end_of_record
TN:
SF:src/components/atoms/IconButtons/IconButton.stories.tsx
FN:12,(anonymous_0)
FNF:1
FNH:0
FNDA:0,(anonymous_0)
DA:12,0
DA:13,0
DA:16,0
DA:17,0
DA:21,0
DA:22,0
LF:6
LH:0
BRF:0
BRH:0
end_of_record
TN:
SF:src/components/atoms/IconButtons/IconButton.tsx
FN:12,(anonymous_0)
FNF:1
FNH:1
FNDA:71,(anonymous_0)
DA:12,11
DA:13,71
LF:2
LH:2
BRDA:17,0,0,0
BRDA:17,0,1,69
BRF:2
BRH:1
end_of_record
TN:
SF:src/components/atoms/Icons/Icons.stories.tsx
FN:10,(anonymous_0)
FNF:1
FNH:0
FNDA:0,(anonymous_0)
DA:10,0
DA:12,0
LF:2
LH:0
BRF:0
BRH:0
end_of_record
TN:
SF:src/components/atoms/Icons/Icons.tsx
FN:11,(anonymous_0)
FNF:1
FNH:1
FNDA:8,(anonymous_0)
DA:11,5
DA:12,8
LF:2
LH:2
BRF:0
BRH:0
end_of_record
TN:
SF:src/components/atoms/typography/Typography.stories.tsx
FN:9,(anonymous_0)
FNF:1
FNH:0
FNDA:0,(anonymous_0)
DA:9,0
DA:10,0
DA:13,0
DA:14,0
LF:4
LH:0
BRF:0
BRH:0
end_of_record
TN:
SF:src/components/atoms/typography/Typography.tsx
FNF:0
FNH:0
LF:0
LH:0
BRF:0
BRH:0
end_of_record
TN:
SF:src/components/molecules/Banner/Banner.stories.tsx
FN:10,(anonymous_0)
FNF:1
FNH:0
FNDA:0,(anonymous_0)
DA:10,0
DA:12,0
DA:13,0
LF:3
LH:0
BRF:0
BRH:0
end_of_record
TN:
SF:src/components/molecules/Banner/Banner.tsx
FN:50,(anonymous_0)
FNF:1
FNH:1
FNDA:1,(anonymous_0)
DA:18,1
DA:28,1
DA:38,1
DA:43,1
DA:48,1
DA:50,1
DA:51,1
LF:7
LH:7
BRF:0
BRH:0
end_of_record
TN:
SF:src/components/molecules/Buttons/Buttons.stories.tsx
FN:30,(anonymous_0)
FNF:1
FNH:0
FNDA:0,(anonymous_0)
DA:5,0
DA:30,0
DA:31,0
DA:37,0
DA:39,0
DA:45,0
DA:46,0
LF:7
LH:0
BRF:0
BRH:0
end_of_record
TN:
SF:src/components/molecules/Buttons/Buttons.tsx
FN:39,(anonymous_0)
FNF:1
FNH:1
FNDA:20,(anonymous_0)
DA:5,6
DA:39,6
DA:40,20
DA:41,18
LF:4
LH:4
BRF:0
BRH:0
end_of_record
TN:
SF:src/components/molecules/DropDown/DropDown.stories.tsx
FN:12,(anonymous_0)
FNF:1
FNH:0
FNDA:0,(anonymous_0)
DA:12,0
DA:13,0
DA:16,0
DA:17,0
DA:21,0
DA:22,0
LF:6
LH:0
BRF:0
BRH:0
end_of_record
TN:
SF:src/components/molecules/DropDown/DropDown.tsx
FN:33,(anonymous_0)
FNF:1
FNH:1
FNDA:8,(anonymous_0)
DA:15,4
DA:33,4
DA:34,8
DA:35,8
LF:4
LH:4
BRDA:38,0,0,4
BRDA:38,0,1,4
BRF:2
BRH:2
end_of_record
TN:
SF:src/components/molecules/IconTypography/IconTypography.stories.tsx
FN:12,(anonymous_0)
FNF:1
FNH:0
FNDA:0,(anonymous_0)
DA:12,0
DA:13,0
DA:16,0
DA:17,0
DA:23,0
DA:24,0
DA:30,0
DA:31,0
LF:8
LH:0
BRF:0
BRH:0
end_of_record
TN:
SF:src/components/molecules/IconTypography/IconTypography.tsx
FN:36,(anonymous_0)
FNF:1
FNH:1
FNDA:54,(anonymous_0)
DA:26,9
DA:36,9
DA:37,54
DA:38,52
LF:4
LH:4
BRF:0
BRH:0
end_of_record
TN:
SF:src/components/molecules/SearchBar/SearchBar.stories.tsx
FN:9,(anonymous_0)
FNF:1
FNH:0
FNDA:0,(anonymous_0)
DA:9,0
DA:11,0
LF:2
LH:0
BRF:0
BRH:0
end_of_record
TN:
SF:src/components/molecules/SearchBar/SearchBar.tsx
FN:30,(anonymous_0)
FN:45,(anonymous_1)
FNF:2
FNH:2
FNDA:2,(anonymous_0)
FNDA:1,(anonymous_1)
DA:6,1
DA:17,1
DA:25,1
DA:30,1
DA:31,2
DA:32,2
DA:33,2
DA:45,1
LF:8
LH:8
BRF:0
BRH:0
end_of_record
TN:
SF:src/components/molecules/SelectedTabs/SelectedTabs.stories.tsx
FN:9,(anonymous_0)
FNF:1
FNH:0
FNDA:0,(anonymous_0)
DA:9,0
DA:11,0
LF:2
LH:0
BRF:0
BRH:0
end_of_record
TN:
SF:src/components/molecules/SelectedTabs/SelectedTabs.tsx
FN:21,(anonymous_0)
FNF:1
FNH:1
FNDA:3,(anonymous_0)
DA:7,1
DA:15,1
DA:21,1
DA:22,3
LF:4
LH:4
BRF:0
BRH:0
end_of_record
TN:
SF:src/components/organisms/AboutBook/AboutBook.stories.tsx
FN:38,(anonymous_0)
FNF:1
FNH:0
FNDA:0,(anonymous_0)
DA:5,0
DA:38,0
DA:39,0
DA:44,0
DA:45,0
LF:5
LH:0
BRF:0
BRH:0
end_of_record
TN:
SF:src/components/organisms/AboutBook/AboutBook.tsx
FN:60,(anonymous_0)
FN:63,(anonymous_1)
FNF:2
FNH:2
FNDA:8,(anonymous_0)
FNDA:2,(anonymous_1)
DA:12,4
DA:45,4
DA:53,4
DA:60,4
DA:61,8
DA:63,8
DA:64,2
DA:67,8
DA:68,8
LF:9
LH:9
BRF:0
BRH:0
end_of_record
TN:
SF:src/components/organisms/BookDescription/BookDescription.stories.tsx
FN:59,(anonymous_0)
FNF:1
FNH:0
FNDA:0,(anonymous_0)
DA:10,0
DA:59,0
DA:60,0
DA:65,0
DA:66,0
LF:5
LH:0
BRF:0
BRH:0
end_of_record
TN:
SF:src/components/organisms/BookDescription/BookDescription.tsx
FN:58,(anonymous_0)
FN:78,(anonymous_1)
FN:82,(anonymous_2)
FN:86,(anonymous_3)
FN:94,(anonymous_4)
FN:103,(anonymous_5)
FN:109,(anonymous_6)
FN:110,(anonymous_7)
FN:162,(anonymous_8)
FN:177,(anonymous_9)
FNF:10
FNH:6
FNDA:5,(anonymous_0)
FNDA:0,(anonymous_1)
FNDA:0,(anonymous_2)
FNDA:1,(anonymous_3)
FNDA:0,(anonymous_4)
FNDA:5,(anonymous_5)
FNDA:5,(anonymous_6)
FNDA:5,(anonymous_7)
FNDA:0,(anonymous_8)
FNDA:1,(anonymous_9)
DA:30,3
DA:37,3
DA:44,3
DA:49,3
DA:53,3
DA:58,3
DA:59,5
DA:74,5
DA:76,5
DA:78,5
DA:79,0
DA:82,5
DA:83,0
DA:86,5
DA:87,1
DA:88,0
DA:89,0
DA:90,0
DA:91,0
DA:94,5
DA:99,0
DA:100,0
DA:103,5
DA:104,5
DA:105,0
DA:106,0
DA:109,5
DA:110,5
DA:111,5
DA:116,5
DA:117,0
DA:120,5
DA:162,0
DA:177,1
LF:34
LH:22
BRDA:116,0,0,0
BRDA:116,0,1,5
BRF:2
BRH:1
end_of_record
TN:
SF:src/components/organisms/Card/Card.stories.tsx
FN:42,(anonymous_0)
FNF:1
FNH:0
FNDA:0,(anonymous_0)
DA:6,0
DA:42,0
DA:43,0
DA:48,0
DA:49,0
DA:58,0
DA:59,0
DA:68,0
DA:69,0
LF:9
LH:0
BRF:0
BRH:0
end_of_record
TN:
SF:src/components/organisms/Card/Card.tsx
FN:144,(anonymous_0)
FN:165,(anonymous_1)
FN:178,(anonymous_2)
FN:186,(anonymous_3)
FN:192,(anonymous_4)
FN:236,(anonymous_5)
FN:242,(anonymous_6)
FN:251,(anonymous_7)
FN:252,(anonymous_8)
FN:253,(anonymous_9)
FNF:10
FNH:1
FNDA:5,(anonymous_0)
FNDA:0,(anonymous_1)
FNDA:0,(anonymous_2)
FNDA:0,(anonymous_3)
FNDA:0,(anonymous_4)
FNDA:0,(anonymous_5)
FNDA:0,(anonymous_6)
FNDA:0,(anonymous_7)
FNDA:0,(anonymous_8)
FNDA:0,(anonymous_9)
DA:15,2
DA:46,2
DA:59,2
DA:144,2
DA:145,5
DA:146,4
DA:147,4
DA:149,4
DA:165,4
DA:166,0
DA:167,0
DA:172,0
DA:178,4
DA:179,0
DA:180,0
DA:183,0
DA:186,4
DA:192,4
DA:193,0
DA:194,0
DA:195,0
DA:196,0
DA:198,0
DA:200,0
DA:204,4
DA:205,4
DA:236,0
DA:242,0
DA:251,0
DA:252,0
DA:253,0
LF:31
LH:14
BRDA:195,0,0,0
BRDA:195,0,1,0
BRDA:225,1,0,0
BRDA:225,1,1,4
BRDA:235,2,0,2
BRDA:235,2,1,2
BRDA:241,3,0,1
BRDA:241,3,1,3
BRDA:247,4,0,1
BRDA:247,4,1,3
BRF:10
BRH:7
end_of_record
TN:
SF:src/components/organisms/DisplayCards/index.stories.tsx
FN:29,(anonymous_0)
FNF:1
FNH:0
FNDA:0,(anonymous_0)
DA:7,0
DA:29,0
DA:30,0
DA:37,0
DA:38,0
LF:5
LH:0
BRF:0
BRH:0
end_of_record
TN:
SF:src/components/organisms/DisplayCards/index.tsx
FN:52,(anonymous_0)
FN:55,(anonymous_1)
FN:57,(anonymous_2)
FN:60,(anonymous_3)
FN:61,(anonymous_4)
FN:69,(anonymous_5)
FN:73,(anonymous_6)
FN:86,(anonymous_7)
FN:97,(anonymous_8)
FNF:9
FNH:0
FNDA:0,(anonymous_0)
FNDA:0,(anonymous_1)
FNDA:0,(anonymous_2)
FNDA:0,(anonymous_3)
FNDA:0,(anonymous_4)
FNDA:0,(anonymous_5)
FNDA:0,(anonymous_6)
FNDA:0,(anonymous_7)
FNDA:0,(anonymous_8)
DA:32,0
DA:41,0
DA:52,0
DA:53,0
DA:55,0
DA:56,0
DA:57,0
DA:59,0
DA:60,0
DA:61,0
DA:65,0
DA:67,0
DA:69,0
DA:70,0
DA:71,0
DA:72,0
DA:73,0
DA:74,0
DA:75,0
DA:78,0
DA:87,0
DA:97,0
LF:22
LH:0
BRDA:56,0,0,0
BRDA:56,0,1,0
BRDA:59,1,0,0
BRDA:59,1,1,0
BRF:4
BRH:0
end_of_record
TN:
SF:src/components/organisms/ExtendedNav/index.stories.tsx
FN:26,(anonymous_0)
FNF:1
FNH:0
FNDA:0,(anonymous_0)
DA:6,0
DA:26,0
DA:27,0
DA:34,0
LF:4
LH:0
BRF:0
BRH:0
end_of_record
TN:
SF:src/components/organisms/ExtendedNav/index.tsx
FN:86,(anonymous_0)
FN:92,(anonymous_1)
FN:103,(anonymous_2)
FN:120,(anonymous_3)
FNF:4
FNH:3
FNDA:3,(anonymous_0)
FNDA:1,(anonymous_1)
FNDA:0,(anonymous_2)
FNDA:36,(anonymous_3)
DA:10,4
DA:25,4
DA:75,4
DA:86,4
DA:87,3
DA:92,2
DA:93,1
DA:99,2
DA:101,2
DA:103,2
DA:104,0
DA:107,2
DA:121,36
LF:13
LH:12
BRF:0
BRH:0
end_of_record
TN:
SF:src/components/organisms/Footer/Footer.stories.tsx
FN:32,(anonymous_0)
FNF:1
FNH:0
FNDA:0,(anonymous_0)
DA:5,0
DA:32,0
DA:33,0
DA:38,0
LF:4
LH:0
BRF:0
BRH:0
end_of_record
TN:
SF:src/components/organisms/Footer/Footer.tsx
FN:86,(anonymous_0)
FNF:1
FNH:1
FNDA:4,(anonymous_0)
DA:33,3
DA:46,3
DA:58,3
DA:63,3
DA:69,3
DA:75,3
DA:86,3
DA:87,4
LF:8
LH:8
BRF:0
BRH:0
end_of_record
TN:
SF:src/components/organisms/FooterNav/FooterNav.stories.tsx
FN:10,(anonymous_0)
FNF:1
FNH:0
FNDA:0,(anonymous_0)
DA:10,0
DA:11,0
DA:14,0
DA:16,0
DA:21,0
DA:23,0
DA:28,0
DA:30,0
LF:8
LH:0
BRF:0
BRH:0
end_of_record
TN:
SF:src/components/organisms/FooterNav/FooterNav.tsx
FN:42,(anonymous_0)
FN:47,(anonymous_1)
FNF:2
FNH:2
FNDA:15,(anonymous_0)
FNDA:65,(anonymous_1)
DA:33,4
DA:38,4
DA:42,4
DA:43,15
DA:48,65
LF:5
LH:5
BRF:0
BRH:0
end_of_record
TN:
SF:src/components/organisms/Header/Header.stories.tsx
FN:27,(anonymous_0)
FNF:1
FNH:0
FNDA:0,(anonymous_0)
DA:5,0
DA:27,0
DA:28,0
DA:33,0
LF:4
LH:0
BRF:0
BRH:0
end_of_record
TN:
SF:src/components/organisms/Header/Header.tsx
FN:57,(anonymous_0)
FN:69,(anonymous_1)
FN:79,(anonymous_2)
FN:105,(anonymous_3)
FNF:4
FNH:1
FNDA:3,(anonymous_0)
FNDA:0,(anonymous_1)
FNDA:0,(anonymous_2)
FNDA:0,(anonymous_3)
DA:16,3
DA:26,3
DA:57,3
DA:58,3
DA:59,3
DA:60,3
DA:63,3
DA:67,3
DA:69,3
DA:70,0
DA:72,0
DA:73,0
DA:75,0
DA:79,3
DA:80,0
DA:82,0
DA:83,0
DA:85,0
DA:89,3
DA:90,3
DA:105,0
LF:21
LH:12
BRDA:70,0,0,0
BRDA:70,0,1,0
BRDA:72,1,0,0
BRDA:72,1,1,0
BRDA:80,2,0,0
BRDA:80,2,1,0
BRDA:82,3,0,0
BRDA:82,3,1,0
BRDA:117,4,0,0
BRDA:117,4,1,3
BRF:10
BRH:1
end_of_record
TN:
SF:src/components/organisms/Tab/index.stories.tsx
FN:39,(anonymous_0)
FNF:1
FNH:0
FNDA:0,(anonymous_0)
DA:5,0
DA:39,0
DA:40,0
DA:45,0
DA:46,0
LF:5
LH:0
BRF:0
BRH:0
end_of_record
TN:
SF:src/components/organisms/Tab/index.tsx
FN:34,(anonymous_0)
FN:53,(anonymous_1)
FN:54,(anonymous_2)
FN:62,(anonymous_3)
FN:103,(anonymous_4)
FN:104,(anonymous_5)
FN:116,(anonymous_6)
FN:125,(anonymous_7)
FN:126,(anonymous_8)
FN:137,(anonymous_9)
FNF:10
FNH:7
FNDA:2,(anonymous_0)
FNDA:1,(anonymous_1)
FNDA:1,(anonymous_2)
FNDA:1,(anonymous_3)
FNDA:2,(anonymous_4)
FNDA:2,(anonymous_5)
FNDA:0,(anonymous_6)
FNDA:2,(anonymous_7)
FNDA:0,(anonymous_8)
FNDA:0,(anonymous_9)
DA:16,1
DA:24,1
DA:34,1
DA:35,2
DA:36,2
DA:53,2
DA:54,1
DA:55,1
DA:56,0
DA:57,0
DA:59,1
DA:62,2
DA:63,1
DA:66,2
DA:68,2
DA:103,2
DA:105,2
DA:116,0
DA:125,2
DA:127,0
DA:137,0
LF:21
LH:16
BRF:0
BRH:0
end_of_record
TN:
SF:src/components/templates/BookDetail/index.tsx
FN:58,(anonymous_0)
FNF:1
FNH:1
FNDA:2,(anonymous_0)
DA:9,2
DA:58,2
DA:59,2
LF:3
LH:3
BRF:0
BRH:0
end_of_record
TN:
SF:src/components/templates/Entrepreneurs/index.tsx
FN:72,(anonymous_0)
FNF:1
FNH:0
FNDA:0,(anonymous_0)
DA:14,0
DA:31,0
DA:37,0
DA:47,0
DA:54,0
DA:61,0
DA:68,0
DA:72,0
DA:73,0
DA:74,0
LF:10
LH:0
BRF:0
BRH:0
end_of_record
TN:
SF:src/components/templates/MyLibrary/index.tsx
FN:35,(anonymous_0)
FNF:1
FNH:0
FNDA:0,(anonymous_0)
DA:12,0
DA:29,0
DA:35,0
DA:36,0
DA:37,0
LF:5
LH:0
BRF:0
BRH:0
end_of_record
TN:
SF:src/components/theme/theme.tsx
FNF:0
FNH:0
DA:3,7
LF:1
LH:1
BRF:0
BRH:0
end_of_record
TN:
SF:src/data/Constants.tsx
FNF:0
FNH:0
DA:1,7
LF:1
LH:1
BRF:0
BRH:0
end_of_record
TN:
SF:src/data/ExtendedNavData.tsx
FNF:0
FNH:0
DA:20,4
LF:1
LH:1
BRF:0
BRH:0
end_of_record
TN:
SF:src/data/FooterNav.tsx
FNF:0
FNH:0
DA:1,4
LF:1
LH:1
BRF:0
BRH:0
end_of_record
TN:
SF:src/data/Library.tsx
FNF:0
FNH:0
DA:13,0
LF:1
LH:0
BRF:0
BRH:0
end_of_record
